<?xml version="1.0" encoding="UTF-8"?>
<testng-results ignored="0" total="1" passed="1" failed="0" skipped="0">
  <reporter-output>
  </reporter-output>
  <suite started-at="2019-04-30T09:49:14Z" name="Default suite" finished-at="2019-04-30T09:49:30Z" duration-ms="15959">
    <groups>
    </groups>
    <test started-at="2019-04-30T09:49:14Z" name="Default test" finished-at="2019-04-30T09:49:30Z" duration-ms="15959">
      <class name="com.test.sample.Testsample">
        <test-method is-config="true" signature="test001()[pri:0, instance:com.test.sample.Testsample@1e0fdb2f]" started-at="2019-04-30T15:19:14Z" name="test001" finished-at="2019-04-30T15:19:28Z" duration-ms="13493" status="PASS">
          <reporter-output>
          </reporter-output>
        </test-method> <!-- test001 -->
        <test-method signature="test2()[pri:0, instance:com.test.sample.Testsample@1e0fdb2f]" started-at="2019-04-30T15:19:28Z" name="test2" finished-at="2019-04-30T15:19:28Z" duration-ms="94" status="PASS">
          <reporter-output>
          </reporter-output>
        </test-method> <!-- test2 -->
        <test-method is-config="true" signature="teardown()[pri:0, instance:com.test.sample.Testsample@1e0fdb2f]" started-at="2019-04-30T15:19:28Z" name="teardown" finished-at="2019-04-30T15:19:30Z" duration-ms="2273" status="PASS">
          <reporter-output>
          </reporter-output>
        </test-method> <!-- teardown -->
      </class> <!-- com.test.sample.Testsample -->
    </test> <!-- Default test -->
  </suite> <!-- Default suite -->
</testng-results>
